{
  "stats": {
    "suites": 4,
    "tests": 3,
    "passes": 3,
    "pending": 0,
    "failures": 0,
    "start": "2025-09-25T02:26:56.610Z",
    "end": "2025-09-25T02:26:56.707Z",
    "duration": 97,
    "testsRegistered": 3,
    "passPercent": 100,
    "pendingPercent": 0,
    "other": 0,
    "hasOther": false,
    "skipped": 0,
    "hasSkipped": false
  },
  "results": [
    {
      "uuid": "c2194411-fec7-4210-8a32-4b55f39bd5a0",
      "title": "",
      "fullFile": "",
      "file": "",
      "beforeHooks": [],
      "afterHooks": [],
      "tests": [],
      "suites": [
        {
          "uuid": "90131933-145a-4c7b-a84e-a072c906ad27",
          "title": "Login",
          "fullFile": "D:\\Projetos\\mentoria-2.0\\banco-api-tests\\test\\login.test.js",
          "file": "\\test\\login.test.js",
          "beforeHooks": [],
          "afterHooks": [],
          "tests": [],
          "suites": [
            {
              "uuid": "87eec0d9-df4e-44b2-a932-e4bcaf9f7926",
              "title": "POST /login",
              "fullFile": "D:\\Projetos\\mentoria-2.0\\banco-api-tests\\test\\login.test.js",
              "file": "\\test\\login.test.js",
              "beforeHooks": [],
              "afterHooks": [],
              "tests": [
                {
                  "title": "Deve retornar 200 com um token em string quando usar credenciais válidas",
                  "fullTitle": "Login POST /login Deve retornar 200 com um token em string quando usar credenciais válidas",
                  "timedOut": false,
                  "duration": 40,
                  "state": "passed",
                  "speed": "medium",
                  "pass": true,
                  "fail": false,
                  "pending": false,
                  "context": null,
                  "code": "const response = await request(process.env.URL)\n    .post('/login')\n    .send({ username: process.env.USER_CONTA, senha: process.env.SENHA_CONTA})\n    .set('Content-Type', 'application/json')\nexpect(response.status).eq(200)\nexpect(response.body.token).to.be.a('string')",
                  "err": {},
                  "uuid": "30b60969-c7e6-49d8-81c2-8de478b764c0",
                  "parentUUID": "87eec0d9-df4e-44b2-a932-e4bcaf9f7926",
                  "isHook": false,
                  "skipped": false
                }
              ],
              "suites": [],
              "passes": [
                "30b60969-c7e6-49d8-81c2-8de478b764c0"
              ],
              "failures": [],
              "pending": [],
              "skipped": [],
              "duration": 40,
              "root": false,
              "rootEmpty": false,
              "_timeout": 2000
            }
          ],
          "passes": [],
          "failures": [],
          "pending": [],
          "skipped": [],
          "duration": 0,
          "root": false,
          "rootEmpty": false,
          "_timeout": 2000
        },
        {
          "uuid": "ea26ff84-c595-41f7-a7f2-f257e6b4b746",
          "title": "Testes de transferência",
          "fullFile": "D:\\Projetos\\mentoria-2.0\\banco-api-tests\\test\\transferencias.test.js",
          "file": "\\test\\transferencias.test.js",
          "beforeHooks": [],
          "afterHooks": [],
          "tests": [],
          "suites": [
            {
              "uuid": "ad94e586-889e-4e1e-93f2-9e415587b42a",
              "title": "POST /transferencias",
              "fullFile": "D:\\Projetos\\mentoria-2.0\\banco-api-tests\\test\\transferencias.test.js",
              "file": "\\test\\transferencias.test.js",
              "beforeHooks": [],
              "afterHooks": [],
              "tests": [
                {
                  "title": "Deve transferir R$10,00 ou mais com sucesso",
                  "fullTitle": "Testes de transferência POST /transferencias Deve transferir R$10,00 ou mais com sucesso",
                  "timedOut": false,
                  "duration": 35,
                  "state": "passed",
                  "speed": "fast",
                  "pass": true,
                  "fail": false,
                  "pending": false,
                  "context": null,
                  "code": "const respostaLogin = await request(process.env.URL)\n    .post('/login')\n    .send({ username: process.env.USER_CONTA, senha: process.env.SENHA_CONTA})\n    .set('Content-Type', 'application/json')\n    expect(respostaLogin.status).eq(200)\n    const token = respostaLogin.body.token\nconst respostaTransferencia = await request(process.env.URL)\n    .post('/transferencias')\n    .set('Content-Type','application/json')\n    .set('Authorization',`Bearer ${token}`)\n    .send({\n        contaOrigem: 1,\n        contaDestino: 2,\n        valor: 1000,\n        token: '' \n        }\n    )\n    expect(respostaTransferencia.status).eq(201)",
                  "err": {},
                  "uuid": "57f8b2bb-985b-4aae-856d-4d86250b1caa",
                  "parentUUID": "ad94e586-889e-4e1e-93f2-9e415587b42a",
                  "isHook": false,
                  "skipped": false
                },
                {
                  "title": "Não deve transferir valores menores de R$10,00",
                  "fullTitle": "Testes de transferência POST /transferencias Não deve transferir valores menores de R$10,00",
                  "timedOut": false,
                  "duration": 10,
                  "state": "passed",
                  "speed": "fast",
                  "pass": true,
                  "fail": false,
                  "pending": false,
                  "context": null,
                  "code": "const respostaLogin = await request(process.env.URL)\n    .post('/login')\n    .send({ username: process.env.USER_CONTA, senha: process.env.SENHA_CONTA})\n    .set('Content-Type', 'application/json')\nexpect(respostaLogin.status).eq(200)\nexpect(respostaLogin.body.token).to.be.a('string')\nlet token = respostaLogin.body.token\nconst respostaTransferencia = await request(process.env.URL)\n    .post('/transferencias')\n    .set('Content-Type','application/json')\n    .set('Authorization',`Bearer ${token}`)\n    .send({\n        contaOrigem: 1,\n        contaDestino: 2,\n        valor: 7,\n        token: '' \n        }\n    )\nexpect(respostaTransferencia.status).eq(422)\nexpect(respostaTransferencia.body.error).to.eq('O valor da transferência deve ser maior ou igual a R$10,00.')",
                  "err": {},
                  "uuid": "1f445986-0c67-4f06-9e99-9c765bc7b528",
                  "parentUUID": "ad94e586-889e-4e1e-93f2-9e415587b42a",
                  "isHook": false,
                  "skipped": false
                }
              ],
              "suites": [],
              "passes": [
                "57f8b2bb-985b-4aae-856d-4d86250b1caa",
                "1f445986-0c67-4f06-9e99-9c765bc7b528"
              ],
              "failures": [],
              "pending": [],
              "skipped": [],
              "duration": 45,
              "root": false,
              "rootEmpty": false,
              "_timeout": 2000
            }
          ],
          "passes": [],
          "failures": [],
          "pending": [],
          "skipped": [],
          "duration": 0,
          "root": false,
          "rootEmpty": false,
          "_timeout": 2000
        }
      ],
      "passes": [],
      "failures": [],
      "pending": [],
      "skipped": [],
      "duration": 0,
      "root": true,
      "rootEmpty": true,
      "_timeout": 2000
    }
  ],
  "meta": {
    "mocha": {
      "version": "11.7.2"
    },
    "mochawesome": {
      "options": {
        "quiet": false,
        "reportFilename": "mochawesome",
        "saveHtml": true,
        "saveJson": true,
        "consoleReporter": "spec",
        "useInlineDiffs": false,
        "code": true
      },
      "version": "7.1.4"
    },
    "marge": {
      "options": null,
      "version": "6.3.0"
    }
  }
}