{
  "stats": {
    "suites": 4,
    "tests": 3,
    "passes": 3,
    "pending": 0,
    "failures": 0,
    "start": "2025-09-26T02:00:55.085Z",
    "end": "2025-09-26T02:00:55.192Z",
    "duration": 107,
    "testsRegistered": 3,
    "passPercent": 100,
    "pendingPercent": 0,
    "other": 0,
    "hasOther": false,
    "skipped": 0,
    "hasSkipped": false
  },
  "results": [
    {
      "uuid": "21244c66-209f-4527-9fdc-4ae783e57cae",
      "title": "",
      "fullFile": "",
      "file": "",
      "beforeHooks": [],
      "afterHooks": [],
      "tests": [],
      "suites": [
        {
          "uuid": "8759e86e-6f44-45c8-b439-fb43068dbe33",
          "title": "Login",
          "fullFile": "D:\\Projetos\\mentoria-2.0\\banco-api-tests\\test\\login.test.js",
          "file": "\\test\\login.test.js",
          "beforeHooks": [],
          "afterHooks": [],
          "tests": [],
          "suites": [
            {
              "uuid": "c90877db-46d4-4d0f-9ff1-0cf22ddb650f",
              "title": "POST /login",
              "fullFile": "D:\\Projetos\\mentoria-2.0\\banco-api-tests\\test\\login.test.js",
              "file": "\\test\\login.test.js",
              "beforeHooks": [],
              "afterHooks": [],
              "tests": [
                {
                  "title": "Deve retornar 200 com um token em string quando usar credenciais válidas",
                  "fullTitle": "Login POST /login Deve retornar 200 com um token em string quando usar credenciais válidas",
                  "timedOut": false,
                  "duration": 24,
                  "state": "passed",
                  "speed": "fast",
                  "pass": true,
                  "fail": false,
                  "pending": false,
                  "context": null,
                  "code": "const response = await request(process.env.URL)\n    .post('/login')\n    .send({ username: process.env.USER_CONTA, senha: process.env.SENHA_CONTA})\n    .set('Content-Type', 'application/json')\nexpect(response.status).eq(200)\nexpect(response.body.token).to.be.a('string')",
                  "err": {},
                  "uuid": "a0f73e07-7749-489d-a6c7-8fe364dc6aaa",
                  "parentUUID": "c90877db-46d4-4d0f-9ff1-0cf22ddb650f",
                  "isHook": false,
                  "skipped": false
                }
              ],
              "suites": [],
              "passes": [
                "a0f73e07-7749-489d-a6c7-8fe364dc6aaa"
              ],
              "failures": [],
              "pending": [],
              "skipped": [],
              "duration": 24,
              "root": false,
              "rootEmpty": false,
              "_timeout": 2000
            }
          ],
          "passes": [],
          "failures": [],
          "pending": [],
          "skipped": [],
          "duration": 0,
          "root": false,
          "rootEmpty": false,
          "_timeout": 2000
        },
        {
          "uuid": "0afce21b-bacb-47af-a60c-84bd03a63272",
          "title": "Testes de transferência",
          "fullFile": "D:\\Projetos\\mentoria-2.0\\banco-api-tests\\test\\transferencias.test.js",
          "file": "\\test\\transferencias.test.js",
          "beforeHooks": [],
          "afterHooks": [],
          "tests": [],
          "suites": [
            {
              "uuid": "8b434c3f-bc8f-43cf-93db-26c46185d5ac",
              "title": "POST /transferencias",
              "fullFile": "D:\\Projetos\\mentoria-2.0\\banco-api-tests\\test\\transferencias.test.js",
              "file": "\\test\\transferencias.test.js",
              "beforeHooks": [],
              "afterHooks": [],
              "tests": [
                {
                  "title": "Deve transferir R$10,00 ou mais com sucesso",
                  "fullTitle": "Testes de transferência POST /transferencias Deve transferir R$10,00 ou mais com sucesso",
                  "timedOut": false,
                  "duration": 68,
                  "state": "passed",
                  "speed": "medium",
                  "pass": true,
                  "fail": false,
                  "pending": false,
                  "context": null,
                  "code": "const token = await gerarToken('lucas.santos','123456')\nconst respostaTransferencia = await request(process.env.URL)\n    .post('/transferencias')\n    .set('Content-Type','application/json')\n    .set('Authorization',`Bearer ${token}`)\n    .send({\n        contaOrigem: 1,\n        contaDestino: 2,\n        valor: 1000,\n        token: '' \n        }\n    )\n    expect(respostaTransferencia.status).eq(201)",
                  "err": {},
                  "uuid": "153ada20-6134-4729-bafa-c7153f3d3ec2",
                  "parentUUID": "8b434c3f-bc8f-43cf-93db-26c46185d5ac",
                  "isHook": false,
                  "skipped": false
                },
                {
                  "title": "Não deve transferir valores menores de R$10,00",
                  "fullTitle": "Testes de transferência POST /transferencias Não deve transferir valores menores de R$10,00",
                  "timedOut": false,
                  "duration": 8,
                  "state": "passed",
                  "speed": "fast",
                  "pass": true,
                  "fail": false,
                  "pending": false,
                  "context": null,
                  "code": "const token = await gerarToken('lucas.santos','123456')\nconst respostaTransferencia = await request(process.env.URL)\n    .post('/transferencias')\n    .set('Content-Type','application/json')\n    .set('Authorization',`Bearer ${token}`)\n    .send({\n        contaOrigem: 1,\n        contaDestino: 2,\n        valor: 7,\n        token: '' \n        }\n    )\nexpect(respostaTransferencia.status).eq(422)\nexpect(respostaTransferencia.body.error).to.eq('O valor da transferência deve ser maior ou igual a R$10,00.')",
                  "err": {},
                  "uuid": "646c8a60-db27-4f60-87b7-54d0bf1a251d",
                  "parentUUID": "8b434c3f-bc8f-43cf-93db-26c46185d5ac",
                  "isHook": false,
                  "skipped": false
                }
              ],
              "suites": [],
              "passes": [
                "153ada20-6134-4729-bafa-c7153f3d3ec2",
                "646c8a60-db27-4f60-87b7-54d0bf1a251d"
              ],
              "failures": [],
              "pending": [],
              "skipped": [],
              "duration": 76,
              "root": false,
              "rootEmpty": false,
              "_timeout": 2000
            }
          ],
          "passes": [],
          "failures": [],
          "pending": [],
          "skipped": [],
          "duration": 0,
          "root": false,
          "rootEmpty": false,
          "_timeout": 2000
        }
      ],
      "passes": [],
      "failures": [],
      "pending": [],
      "skipped": [],
      "duration": 0,
      "root": true,
      "rootEmpty": true,
      "_timeout": 2000
    }
  ],
  "meta": {
    "mocha": {
      "version": "11.7.2"
    },
    "mochawesome": {
      "options": {
        "quiet": false,
        "reportFilename": "mochawesome",
        "saveHtml": true,
        "saveJson": true,
        "consoleReporter": "spec",
        "useInlineDiffs": false,
        "code": true
      },
      "version": "7.1.4"
    },
    "marge": {
      "options": null,
      "version": "6.3.0"
    }
  }
}